  ccFPSImages.c
  aabb.c
  mat4stack.c
  matrix.c
  mat3.c
  mat4.c
H:\gdh\1.9hax\cappuccino-sdk\incl\cocos2dx\kazmath\src\mat4.c(104,33): warning C4244: 'function': conversion from 'float' to 'int', possible loss of data
H:\gdh\1.9hax\cappuccino-sdk\incl\cocos2dx\kazmath\src\mat4.c(105,39): warning C4244: 'function': conversion from 'float' to 'int', possible loss of data
H:\gdh\1.9hax\cappuccino-sdk\incl\cocos2dx\kazmath\src\mat4.c(105,35): warning C4244: '=': conversion from 'int' to 'float', possible loss of data
H:\gdh\1.9hax\cappuccino-sdk\incl\cocos2dx\kazmath\src\mat4.c(448,34): warning C4244: '=': conversion from 'double' to 'float', possible loss of data
H:\gdh\1.9hax\cappuccino-sdk\incl\cocos2dx\kazmath\src\mat4.c(449,34): warning C4244: '=': conversion from 'double' to 'float', possible loss of data
H:\gdh\1.9hax\cappuccino-sdk\incl\cocos2dx\kazmath\src\mat4.c(452,41): warning C4244: '=': conversion from 'double' to 'float', possible loss of data
H:\gdh\1.9hax\cappuccino-sdk\incl\cocos2dx\kazmath\src\mat4.c(453,41): warning C4244: '=': conversion from 'double' to 'float', possible loss of data
H:\gdh\1.9hax\cappuccino-sdk\incl\cocos2dx\kazmath\src\mat4.c(454,34): warning C4244: '=': conversion from 'double' to 'float', possible loss of data
H:\gdh\1.9hax\cappuccino-sdk\incl\cocos2dx\kazmath\src\mat4.c(456,41): warning C4244: '=': conversion from 'double' to 'float', possible loss of data
H:\gdh\1.9hax\cappuccino-sdk\incl\cocos2dx\kazmath\src\mat4.c(457,41): warning C4244: '=': conversion from 'double' to 'float', possible loss of data
H:\gdh\1.9hax\cappuccino-sdk\incl\cocos2dx\kazmath\src\mat4.c(458,35): warning C4244: '=': conversion from 'double' to 'float', possible loss of data
H:\gdh\1.9hax\cappuccino-sdk\incl\cocos2dx\kazmath\src\mat4.c(595,24): warning C4244: '=': conversion from 'double' to 'float', possible loss of data
H:\gdh\1.9hax\cappuccino-sdk\incl\cocos2dx\kazmath\src\mat4.c(587,18): warning C4244: 'initializing': conversion from 'double' to 'float', possible loss of data
  neon_matrix_impl.c
  plane.c
  quaternion.c
H:\gdh\1.9hax\cappuccino-sdk\incl\cocos2dx\kazmath\src\quaternion.c(420,33): warning C4244: 'function': conversion from 'double' to 'float', possible loss of data
H:\gdh\1.9hax\cappuccino-sdk\incl\cocos2dx\kazmath\src\quaternion.c(423,40): warning C4244: 'function': conversion from 'double' to 'float', possible loss of data
  ray2.c
  utility.c
  vec2.c
  vec3.c
  vec4.c
  buffer.c
  hde32.c
  hde64.c
  hook.c
  trampoline.c
  CCMenuItemSpriteExtra.cpp
H:\gdh\1.9hax\cappuccino-sdk\incl\cocos2dx\custom\Sprites\CCMenuItemSpriteExtra\CCMenuItemSpriteExtra.cpp(5,43): warning C4305: 'argument': truncation from 'double' to 'float'
H:\gdh\1.9hax\cappuccino-sdk\incl\cocos2dx\custom\Sprites\CCMenuItemSpriteExtra\CCMenuItemSpriteExtra.cpp(12,43): warning C4305: 'argument': truncation from 'double' to 'float'
  amemory.cpp
H:\gdh\1.9hax\hooking\amemory.cpp(102,22): warning C4018: '<': signed/unsigned mismatch
H:\gdh\1.9hax\hooking\amemory.cpp(218,22): warning C4018: '<': signed/unsigned mismatch
H:\gdh\1.9hax\hooking\amemory.cpp(240,22): warning C4018: '<': signed/unsigned mismatch
H:\gdh\1.9hax\hooking\amemory.cpp(296,22): warning C4018: '<': signed/unsigned mismatch
H:\gdh\1.9hax\hooking\amemory.cpp(355,21): warning C4018: '<': signed/unsigned mismatch
H:\gdh\1.9hax\hooking\amemory.cpp(370,21): warning C4018: '<': signed/unsigned mismatch
H:\gdh\1.9hax\hooking\amemory.cpp(385,21): warning C4018: '<': signed/unsigned mismatch
  imgui.cpp
  imgui_demo.cpp
  imgui_draw.cpp
  imgui_impl_opengl2.cpp
  imgui_impl_win32.cpp
  imgui_tables.cpp
  imgui_widgets.cpp
  imgui_hook.cpp
H:\gdh\1.9hax\imgui\imgui_hook.cpp(42,9): warning C4003: not enough arguments for function-like macro invocation '_VOID_1'
H:\gdh\1.9hax\imgui\imgui_hook.cpp(105,7): warning C4003: not enough arguments for function-like macro invocation '_VOID_2'
H:\gdh\1.9hax\imgui\imgui_hook.cpp(105,7): warning C4003: not enough arguments for function-like macro invocation '_VOID_1'
H:\gdh\1.9hax\imgui\imgui_hook.cpp(106,7): warning C4003: not enough arguments for function-like macro invocation '_VOID_1'
H:\gdh\1.9hax\imgui\imgui_hook.cpp(112,28): warning C4805: '&=': unsafe mix of type 'bool' and type 'BOOL' in operation
H:\gdh\1.9hax\imgui\imgui_hook.cpp(112,28): warning C4805: '&': unsafe mix of type 'bool' and type 'BOOL' in operation
H:\gdh\1.9hax\imgui\imgui_hook.cpp(118,28): warning C4805: '&=': unsafe mix of type 'bool' and type 'BOOL' in operation
H:\gdh\1.9hax\imgui\imgui_hook.cpp(118,28): warning C4805: '&': unsafe mix of type 'bool' and type 'BOOL' in operation
H:\gdh\1.9hax\imgui\imgui_hook.cpp(153,7): warning C4003: not enough arguments for function-like macro invocation '_VOID_1'
  kiero.cpp
H:\gdh\1.9hax\imgui\kiero\kiero.cpp(566,22): warning C4018: '<': signed/unsigned mismatch
  dllmain.cpp
H:\gdh\1.9hax\src\menu.h(180,55): warning C4042: 'currentItem': has bad storage class
H:\gdh\1.9hax\src\dllmain.cpp(83,40): warning C4305: 'argument': truncation from 'double' to 'const T'
          with
          [
              T=float
          ]
H:\gdh\1.9hax\src\menu.h(127,20): warning C4018: '<': signed/unsigned mismatch
H:\gdh\1.9hax\src\menu.h(157,68): message : see reference to function template instantiation 'std::vector<uint8_t,std::allocator<uint8_t>> parseBytes<uint8_t>(std::string)' being compiled
  Generating code
  Previous IPDB not found, fall back to full compilation.
  All 2129 functions were compiled because no usable IPDB/IOBJ from previous compilation was found.
  Finished generating code
  1.9hax.vcxproj -> H:\1.9 GDPS\GDPS\dlls\1.9hax.dll
          1 file(s) copied.
